[ 10/12/2019 20:18:50 ] [ DEBUG ] root
 <module> [logs.py, 12 ] Mensagem de Debug
[ 10/12/2019 20:18:50 ] [ INFO ] root
 <module> [logs.py, 13 ] Mensagem de info
[ 10/12/2019 20:18:50 ] [ WARNING ] root
 <module> [logs.py, 14 ] Mensagem de warning
[ 10/12/2019 20:18:50 ] [ ERROR ] root
 <module> [logs.py, 15 ] Mensagem de error
[ 10/12/2019 20:18:50 ] [ CRITICAL ] root
 <module> [logs.py, 16 ] Mensagem de critical
[ 10/12/2019 20:56:14 ] [ DEBUG ] root
 <module> [logs.py, 12l ] Mensagem de Debug
[ 10/12/2019 20:56:14 ] [ INFO ] root
 <module> [logs.py, 13l ] Mensagem de info
[ 10/12/2019 20:56:14 ] [ WARNING ] root
 <module> [logs.py, 14l ] Mensagem de warning
[ 10/12/2019 20:56:14 ] [ ERROR ] root
 <module> [logs.py, 15l ] Mensagem de error
[ 10/12/2019 20:56:14 ] [ CRITICAL ] root
 <module> [logs.py, 16l ] Mensagem de critical
[ 10/12/2019 20:56:57 ] [ DEBUG ] root
 <module> [logs.py, 12l ] Mensagem de Debug
[ 10/12/2019 20:56:57 ] [ INFO ] root
 <module> [logs.py, 13l ] Mensagem de info
[ 10/12/2019 20:56:57 ] [ WARNING ] root
 <module> [logs.py, 14l ] Mensagem de warning
[ 10/12/2019 20:56:57 ] [ ERROR ] root
 <module> [logs.py, 15l ] Mensagem de error
[ 10/12/2019 20:56:57 ] [ CRITICAL ] root
 <module> [logs.py, 16l ] Mensagem de critical
[ 10/12/2019 20:57:06 ] [ DEBUG ] root
 <module> [logs.py, 12l ] Mensagem de Debug
[ 10/12/2019 20:57:06 ] [ INFO ] root
 <module> [logs.py, 13l ] Mensagem de info
[ 10/12/2019 20:57:06 ] [ WARNING ] root
 <module> [logs.py, 14l ] Mensagem de warning
[ 10/12/2019 20:57:06 ] [ ERROR ] root
 <module> [logs.py, 15l ] Mensagem de error
[ 10/12/2019 20:57:06 ] [ CRITICAL ] root
 <module> [logs.py, 16l ] Mensagem de critical
[ 10/12/2019 20:57:06 ] [ ERROR ] root
 <module> [logs.py, 28l ] unsupported operand type(s) for +: 'int' and 'str'
[ 10/12/2019 20:57:55 ] [ DEBUG ] root
 <module> [logs.py, 12l ] Mensagem de Debug
[ 10/12/2019 20:57:55 ] [ INFO ] root
 <module> [logs.py, 13l ] Mensagem de info
[ 10/12/2019 20:57:55 ] [ WARNING ] root
 <module> [logs.py, 14l ] Mensagem de warning
[ 10/12/2019 20:57:55 ] [ ERROR ] root
 <module> [logs.py, 15l ] Mensagem de error
[ 10/12/2019 20:57:55 ] [ CRITICAL ] root
 <module> [logs.py, 16l ] Mensagem de critical
[ 10/12/2019 20:57:55 ] [ INFO ] root
 <module> [logs.py, 25l ] Soma efetuada com sucesso, 6
